<?xml version="1.0" encoding="UTF-8"?>
<!-- Generated by org.testng.reporters.JUnitXMLReporter -->
<testsuite hostname="xmchelap130" ignored="0" name="search-test-webdriver" tests="1" failures="1" timestamp="30 Sep 2019 05:52:32 GMT" time="34.802" errors="0">
  <testcase name="search" time="33.592" classname="com.searchmodule.tests.SearchTest">
    <failure type="org.openqa.selenium.TimeoutException" message="Expected condition failed: waiting for visibility of [[RemoteWebDriver: chrome on LINUX (4b7da4406c97633eebbfb8ec86bb5d64)] -&amp;gt; name: q] (tried for 30 second(s) with 500 milliseconds interval)
Build info: version: &amp;apos;3.14.0&amp;apos;, revision: &amp;apos;aacccce0&amp;apos;, time: &amp;apos;2018-08-02T20:19:58.91Z&amp;apos;
System info: host: &amp;apos;XMCHELAP130&amp;apos;, ip: &amp;apos;10.0.75.1&amp;apos;, os.name: &amp;apos;Windows 10&amp;apos;, os.arch: &amp;apos;amd64&amp;apos;, os.version: &amp;apos;10.0&amp;apos;, java.version: &amp;apos;1.8.0_191&amp;apos;
Driver info: org.openqa.selenium.remote.RemoteWebDriver
Capabilities {acceptInsecureCerts: false, browserName: chrome, browserVersion: 77.0.3865.75, chrome: {chromedriverVersion: 77.0.3865.40 (f484704e052e0..., userDataDir: /tmp/.com.google.Chrome.1h7XkJ}, goog:chromeOptions: {debuggerAddress: localhost:34403}, javascriptEnabled: true, networkConnectionEnabled: false, pageLoadStrategy: normal, platform: LINUX, platformName: LINUX, proxy: Proxy(), setWindowRect: true, strictFileInteractability: false, timeouts: {implicit: 0, pageLoad: 300000, script: 30000}, unhandledPromptBehavior: dismiss and notify, webdriver.remote.sessionid: 4b7da4406c97633eebbfb8ec86b...}
Session ID: 4b7da4406c97633eebbfb8ec86bb5d64">
      <![CDATA[org.openqa.selenium.TimeoutException: Expected condition failed: waiting for visibility of [[RemoteWebDriver: chrome on LINUX (4b7da4406c97633eebbfb8ec86bb5d64)] -> name: q] (tried for 30 second(s) with 500 milliseconds interval)Build info: version: '3.14.0', revision: 'aacccce0', time: '2018-08-02T20:19:58.91Z'System info: host: 'XMCHELAP130', ip: '10.0.75.1', os.name: 'Windows 10', os.arch: 'amd64', os.version: '10.0', java.version: '1.8.0_191'Driver info: org.openqa.selenium.remote.RemoteWebDriverCapabilities {acceptInsecureCerts: false, browserName: chrome, browserVersion: 77.0.3865.75, chrome: {chromedriverVersion: 77.0.3865.40 (f484704e052e0..., userDataDir: /tmp/.com.google.Chrome.1h7XkJ}, goog:chromeOptions: {debuggerAddress: localhost:34403}, javascriptEnabled: true, networkConnectionEnabled: false, pageLoadStrategy: normal, platform: LINUX, platformName: LINUX, proxy: Proxy(), setWindowRect: true, strictFileInteractability: false, timeouts: {implicit: 0, pageLoad: 300000, script: 30000}, unhandledPromptBehavior: dismiss and notify, webdriver.remote.sessionid: 4b7da4406c97633eebbfb8ec86b...}Session ID: 4b7da4406c97633eebbfb8ec86bb5d64at org.openqa.selenium.support.ui.WebDriverWait.timeoutException(WebDriverWait.java:113)at org.openqa.selenium.support.ui.FluentWait.until(FluentWait.java:283)at com.searchmodule.pages.SearchPage.doSearch(SearchPage.java:41)at com.searchmodule.tests.SearchTest.search(SearchTest.java:17)... Removed 25 stack frames]]>
    </failure>
  </testcase> <!-- search -->
</testsuite> <!-- search-test-webdriver -->
